"../../../Engine/Content/Functions/Engine_MaterialFunctions01/Opacity/CameraDepthFade.uasset" 0
"../../../Engine/Content/EngineMaterials/T_Default_Material_Grid_M.uasset" 1
"../../../Engine/Content/EngineMaterials/T_Default_Material_Grid_N.uasset" 2
"../../../Engine/Content/EngineMaterials/WorldGridMaterial.uasset" 3
"../../../Engine/Content/ArtTools/RenderToTexture/Meshes/S_1_Unit_Plane.uasset" 4
"../../../Engine/Content/BasicShapes/Cube.uasset" 5
"../../../Engine/Content/BasicShapes/Plane.uasset" 6
"../../../Engine/Content/EngineMaterials/DefaultPhysicalMaterial.uasset" 7
"../../../Engine/Content/BufferVisualization/AmbientOcclusion.uasset" 8
"../../../Engine/Content/BufferVisualization/BaseColor.uasset" 9
"../../../Engine/Content/BufferVisualization/CustomDepth.uasset" 10
"../../../Engine/Content/Functions/Engine_MaterialFunctions02/Utility/VectorLength.uasset" 11
"../../../Engine/Content/BufferVisualization/CustomDepthWorldUnits.uasset" 12
"../../../Engine/Content/Functions/Engine_MaterialFunctions02/Utility/BreakOutFloat2Components.uasset" 13
"../../../Engine/Content/Functions/Engine_MaterialFunctions01/Texturing/ScaleUVsByCenter.uasset" 14
"../../../Engine/Content/Functions/Engine_MaterialFunctions02/ScreenResolution.uasset" 15
"../../../Engine/Content/Functions/Engine_MaterialFunctions02/Texturing/ScreenAlignedUVs.uasset" 16
"../../../Engine/Content/Functions/Engine_MaterialFunctions02/Utility/MakeFloat2.uasset" 17
"../../../Engine/Content/Functions/Engine_MaterialFunctions02/Utility/MakeFloat3.uasset" 18
"../../../Engine/Content/EngineMaterials/MiniFont.uasset" 19
"../../../Engine/Content/BufferVisualization/CustomStencil.uasset" 20
"../../../Engine/Content/BufferVisualization/FinalImage.uasset" 21
"../../../Engine/Content/BufferVisualization/LightingModel.uasset" 22
"../../../Engine/Content/BufferVisualization/MaterialAO.uasset" 23
"../../../Engine/Content/BufferVisualization/Metallic.uasset" 24
"../../../Engine/Content/BufferVisualization/Opacity.uasset" 25
"../../../Engine/Content/BufferVisualization/PostTonemapHDRColor.uasset" 26
"../../../Engine/Content/BufferVisualization/PreTonemapHDRColor.uasset" 27
"../../../Engine/Content/BufferVisualization/Roughness.uasset" 28
"../../../Engine/Content/BufferVisualization/SceneColor.uasset" 29
"../../../Engine/Content/BufferVisualization/SceneDepth.uasset" 30
"../../../Engine/Content/BufferVisualization/SceneDepthWorldUnits.uasset" 31
"../../../Engine/Content/BufferVisualization/SeparateTranslucencyA.uasset" 32
"../../../Engine/Content/BufferVisualization/SeparateTranslucencyRGB.uasset" 33
"../../../Engine/Content/BufferVisualization/Specular.uasset" 34
"../../../Engine/Content/BufferVisualization/SubsurfaceColor.uasset" 35
"../../../Engine/Content/BufferVisualization/WorldNormal.uasset" 36
"../../../Engine/Content/EditorLandscapeResources/DataLayer.uasset" 37
"../../../Engine/Content/EditorLandscapeResources/DefaultAlphaTexture.uasset" 38
"../../../Engine/Content/EditorLandscapeResources/LandscapeGizmo_Mat.uasset" 39
"../../../Engine/Content/EditorLandscapeResources/LandscapeGizmo_Mat_Copied.uasset" 40
"../../../Engine/Content/EditorLandscapeResources/LandscapeGizmoHeight_Mat.uasset" 41
"../../../Engine/Content/EditorLandscapeResources/SplineEditorMeshMat.uasset" 42
"../../../Engine/Content/EditorLandscapeResources/SplineEditorMesh.uasset" 43
"../../../Engine/Content/EditorMaterials/Cross.uasset" 44
"../../../Engine/Content/EditorMaterials/Cross_Mat.uasset" 45
"../../../Engine/Content/EditorMaterials/GizmoMaterial.uasset" 46
"../../../Engine/Content/Functions/Engine_MaterialFunctions02/Utility/Sign.uasset" 47
"../../../Engine/Content/Functions/Engine_MaterialFunctions02/Utility/Round.uasset" 48
"../../../Engine/Content/Functions/Engine_MaterialFunctions02/ExampleContent/Textures/flipbook.uasset" 49
"../../../Engine/Content/Functions/Engine_MaterialFunctions02/Texturing/FlipBook.uasset" 50
"../../../Engine/Content/EditorResources/T_EditorHelp.uasset" 51
"../../../Engine/Content/EditorMaterials/HelpActorMaterial.uasset" 52
"../../../Engine/Content/EditorMaterials/CompositeARGBLayer.uasset" 53
"../../../Engine/Content/EditorMaterials/TilingAALineIntegral.uasset" 54
"../../../Engine/Content/EditorMaterials/TilingAALineBoxFiltered.uasset" 55
"../../../Engine/Content/Functions/Engine_MaterialFunctions03/Procedurals/ComputeFilterWidth.uasset" 56
"../../../Engine/Content/EditorMaterials/TilingAADots.uasset" 57
"../../../Engine/Content/EditorMaterials/Cascade/CASC_Cross.uasset" 58
"../../../Engine/Content/EditorMaterials/Cascade/CASC_None.uasset" 59
"../../../Engine/Content/Functions/Engine_MaterialFunctions03/Blends/Blend_Screen.uasset" 60
"../../../Engine/Content/EditorMaterials/TilingAAGrid.uasset" 61
"../../../Engine/Content/EditorMaterials/LevelGridMaterial.uasset" 62
"../../../Engine/Content/EditorMaterials/MakeCompositeARGBLayer.uasset" 63
"../../../Engine/Content/EditorResources/LevelGrid1DStripes.uasset" 64
"../../../Engine/Content/EditorMaterials/TextureGridCascaded1D.uasset" 65
"../../../Engine/Content/EditorMaterials/TextureGridCascaded2D.uasset" 66
"../../../Engine/Content/EditorMaterials/LevelGridMaterial2.uasset" 67
"../../../Engine/Content/EditorMaterials/MAT_Groups_Toggle.uasset" 68
"../../../Engine/Content/EditorMaterials/MAT_Groups_Visibility.uasset" 69
"../../../Engine/Content/EditorMaterials/PhAT_BoneSelectedMaterial.uasset" 70
"../../../Engine/Content/EditorMaterials/PhAT_ElemSelectedMaterial.uasset" 71
"../../../Engine/Content/EditorMaterials/PhAT_NoCollisionMaterial.uasset" 72
"../../../Engine/Content/EditorMaterials/PhAT_UnselectedMaterial.uasset" 73
"../../../Engine/Content/EditorMaterials/PreviewShadowIndicator.uasset" 74
"../../../Engine/Content/EditorMaterials/PreviewShadowIndicatorMaterial.uasset" 75
"../../../Engine/Content/EditorMaterials/TargetIcon.uasset" 76
"../../../Engine/Content/EditorMaterials/Tick.uasset" 77
"../../../Engine/Content/EditorMaterials/Tick_Mat.uasset" 78
"../../../Engine/Content/EditorMaterials/WidgetGridVertexColorMaterial.uasset" 79
"../../../Engine/Content/EditorMaterials/WidgetGridVertexColorMaterial_Ma.uasset" 80
"../../../Engine/Content/EditorMaterials/WidgetMaterial.uasset" 81
"../../../Engine/Content/EditorMaterials/WidgetMaterial_Current.uasset" 82
"../../../Engine/Content/EditorMaterials/WidgetMaterial_X.uasset" 83
"../../../Engine/Content/EditorMaterials/WidgetMaterial_Y.uasset" 84
"../../../Engine/Content/EditorMaterials/WidgetMaterial_Z.uasset" 85
"../../../Engine/Content/EditorMaterials/WidgetVertexColorMaterial.uasset" 86
"../../../Engine/Content/EditorMaterials/MatineeGroups/MAT_ColorTrack.uasset" 87
"../../../Engine/Content/EditorMaterials/MatineeGroups/MAT_Groups_Anim.uasset" 88
"../../../Engine/Content/EditorMaterials/MatineeGroups/MAT_Groups_AudioMaster.uasset" 89
"../../../Engine/Content/EditorMaterials/MatineeGroups/MAT_Groups_Director.uasset" 90
"../../../Engine/Content/EditorMaterials/MatineeGroups/MAT_Groups_Event.uasset" 91
"../../../Engine/Content/EditorMaterials/MatineeGroups/MAT_Groups_Fade.uasset" 92
"../../../Engine/Content/EditorMaterials/MatineeGroups/MAT_Groups_Float.uasset" 93
"../../../Engine/Content/EditorMaterials/MatineeGroups/MAT_Groups_Move.uasset" 94
"../../../Engine/Content/EditorMaterials/MatineeGroups/MAT_Groups_Slomo.uasset" 95
"../../../Engine/Content/EditorMaterials/MatineeGroups/MAT_Groups_Sound.uasset" 96
"../../../Engine/Content/EditorMaterials/MatineeGroups/MAT_Groups_Vector.uasset" 97
"../../../Engine/Content/EditorMaterials/ParticleSystems/PSysThumbnail_NoImage.uasset" 98
"../../../Engine/Content/EditorMaterials/ParticleSystems/PSysThumbnail_OOD.uasset" 99
"../../../Engine/Content/EngineMaterials/Grid.uasset" 100
"../../../Engine/Content/EditorMaterials/Thumbnails/FloorPlaneMaterial.uasset" 101
"../../../Engine/Content/EditorMeshes/EditorCube.uasset" 102
"../../../Engine/Content/EditorMeshes/EditorCylinder.uasset" 103
"../../../Engine/Content/EditorMeshes/EditorPlane.uasset" 104
"../../../Engine/Content/EditorMaterials/Thumbnails/SkySphereMaterial.uasset" 105
"../../../Engine/Content/EditorMeshes/EditorSkySphere.uasset" 106
"../../../Engine/Content/EditorMeshes/EditorSphere.uasset" 107
"../../../Engine/Content/EditorResources/MatineeCam_D.uasset" 108
"../../../Engine/Content/EditorMaterials/MatineeCam_mat.uasset" 109
"../../../Engine/Content/EditorMeshes/MatineeCam_SM.uasset" 110
"../../../Engine/Content/EditorMaterials/Camera/CineMat.uasset" 111
"../../../Engine/Content/EditorMaterials/Camera/MI_CineMat_CameraBody.uasset" 112
"../../../Engine/Content/EngineDebugMaterials/M_SimpleOpaque.uasset" 113
"../../../Engine/Content/EditorMaterials/Camera/MI_CineMat_CamViewFinder.uasset" 114
"../../../Engine/Content/EditorMeshes/Camera/SM_CineCam.uasset" 115
"../../../Engine/Content/EditorMaterials/Camera/MI_CineMat_Rig.uasset" 116
"../../../Engine/Content/EditorMeshes/Camera/SM_CraneRig_Arm.uasset" 117
"../../../Engine/Content/EditorMeshes/Camera/SM_CraneRig_Base.uasset" 118
"../../../Engine/Content/EditorMeshes/Camera/SM_CraneRig_Body.uasset" 119
"../../../Engine/Content/EditorMeshes/Camera/SM_CraneRig_Mount.uasset" 120
"../../../Engine/Content/EditorMeshes/Camera/SM_RailRig_Mount.uasset" 121
"../../../Engine/Content/EditorMeshes/Camera/SM_RailRig_Track.uasset" 122
"../../../Engine/Content/EditorMeshes/ColorCalibrator/M_ChromeBall.uasset" 123
"../../../Engine/Content/EditorMeshes/ColorCalibrator/M_ClearCoat.uasset" 124
"../../../Engine/Content/EditorMeshes/ColorCalibrator/M_ClearCoatBlack.uasset" 125
"../../../Engine/Content/EditorMeshes/ColorCalibrator/Color_checker.uasset" 126
"../../../Engine/Content/EditorMeshes/ColorCalibrator/M_ColorGrid.uasset" 127
"../../../Engine/Content/EditorMeshes/ColorCalibrator/M_GreyBall.uasset" 128
"../../../Engine/Content/EditorMeshes/ColorCalibrator/SM_ColorCalibrator.uasset" 129
"../../../Engine/Content/EditorResources/Bad.uasset" 130
"../../../Engine/Content/EditorResources/BSPVertex.uasset" 131
"../../../Engine/Content/EditorResources/EmptyActor.uasset" 132
"../../../Engine/Content/EditorResources/MatInstActSprite.uasset" 133
"../../../Engine/Content/EditorResources/S_Actor.uasset" 134
"../../../Engine/Content/EditorResources/S_DecalActorIcon.uasset" 135
"../../../Engine/Content/EditorResources/S_Emitter.uasset" 136
"../../../Engine/Content/EditorResources/S_ExpoHeightFog.uasset" 137
"../../../Engine/Content/EditorResources/S_FTest.uasset" 138
"../../../Engine/Content/EditorResources/S_KBSJoint.uasset" 139
"../../../Engine/Content/EditorResources/S_KHinge.uasset" 140
"../../../Engine/Content/EditorResources/S_KPrismatic.uasset" 141
"../../../Engine/Content/EditorResources/S_LevelSequence.uasset" 142
"../../../Engine/Content/EditorResources/S_NavP.uasset" 143
"../../../Engine/Content/EditorResources/S_Note.uasset" 144
"../../../Engine/Content/EditorResources/S_Player.uasset" 145
"../../../Engine/Content/EditorResources/S_PortalActorIcon2.uasset" 146
"../../../Engine/Content/EditorResources/S_RadForce.uasset" 147
"../../../Engine/Content/EditorResources/S_ReflActorIcon.uasset" 148
"../../../Engine/Content/EditorResources/S_Terrain.uasset" 149
"../../../Engine/Content/EditorResources/S_TextRenderActorIcon.uasset" 150
"../../../Engine/Content/EditorResources/S_Thruster.uasset" 151
"../../../Engine/Content/EditorResources/S_Trigger.uasset" 152
"../../../Engine/Content/EditorResources/S_VectorFieldVol.uasset" 153
"../../../Engine/Content/EditorResources/S_WindDirectional.uasset" 154
"../../../Engine/Content/EditorResources/SceneManager.uasset" 155
"../../../Engine/Content/EditorResources/SmallFont.uasset" 156
"../../../Engine/Content/EditorResources/AI/S_NavLink.uasset" 157
"../../../Engine/Content/EditorResources/LightIcons/S_LightDirectional.uasset" 158
"../../../Engine/Content/EditorResources/LightIcons/S_LightDirectionalMove.uasset" 159
"../../../Engine/Content/EditorResources/LightIcons/S_LightError.uasset" 160
"../../../Engine/Content/EditorResources/LightIcons/S_LightPoint.uasset" 161
"../../../Engine/Content/EditorResources/LightIcons/S_LightPointMove.uasset" 162
"../../../Engine/Content/EditorResources/LightIcons/S_LightSpot.uasset" 163
"../../../Engine/Content/EditorResources/LightIcons/S_LightSpotMove.uasset" 164
"../../../Engine/Content/EditorResources/LightIcons/SkyLight.uasset" 165
"../../../Engine/Content/EditorResources/SequenceRecorder/Countdown.uasset" 166
"../../../Engine/Content/EditorResources/SequenceRecorder/RecordingIndicator.uasset" 167
"../../../Engine/Content/EditorResources/Spline/T_Loft_Spline.uasset" 168
"../../../Engine/Content/EditorSounds/Notifications/CompileFailed.uasset" 169
"../../../Engine/Content/EditorSounds/Notifications/CompileFailed_Cue.uasset" 170
"../../../Engine/Content/EditorSounds/Notifications/CompileSuccess.uasset" 171
"../../../Engine/Content/EditorSounds/Notifications/CompileStart_Cue.uasset" 172
"../../../Engine/Content/EditorSounds/Notifications/CompileSuccess_Cue.uasset" 173
"../../../Engine/Content/EngineDamageTypes/DmgTypeBP_Environmental.uasset" 174
"../../../Engine/Content/EngineDebugMaterials/HeatmapGradient.uasset" 175
"../../../Engine/Content/EngineDebugMaterials/BoneWeightMaterial.uasset" 176
"../../../Engine/Content/EngineDebugMaterials/ClothMaterial.uasset" 177
"../../../Engine/Content/EngineDebugMaterials/ClothMaterial_WF.uasset" 178
"../../../Engine/Content/EngineDebugMaterials/DebugEditorMaterial.uasset" 179
"../../../Engine/Content/EngineDebugMaterials/DebugMeshMaterial.uasset" 180
"../../../Engine/Content/EngineDebugMaterials/GeomMaterial.uasset" 181
"../../../Engine/Content/Functions/Engine_MaterialFunctions01/Shading/ConvertFromDiffSpec.uasset" 182
"../../../Engine/Content/EngineDebugMaterials/LevelColorationLitMaterial.uasset" 183
"../../../Engine/Content/EngineDebugMaterials/LevelColorationUnlitMaterial.uasset" 184
"../../../Engine/Content/EngineDebugMaterials/M_SimpleTranslucent.uasset" 185
"../../../Engine/Content/EngineMaterials/DefaultWhiteGrid.uasset" 186
"../../../Engine/Content/EngineDebugMaterials/MAT_LevelColorationLitLightmapUV.uasset" 187
"../../../Engine/Content/EngineDebugMaterials/ShadedLevelColorationLitMaterial.uasset" 188
"../../../Engine/Content/EngineDebugMaterials/ShadedLevelColorationUnlitMateri.uasset" 189
"../../../Engine/Content/EngineDebugMaterials/VertexColorMaterial.uasset" 190
"../../../Engine/Content/EngineDebugMaterials/VertexColorViewMode_AlphaAsColor.uasset" 191
"../../../Engine/Content/EngineDebugMaterials/VertexColorViewMode_BlueOnly.uasset" 192
"../../../Engine/Content/EngineDebugMaterials/VertexColorViewMode_ColorOnly.uasset" 193
"../../../Engine/Content/EngineDebugMaterials/VertexColorViewMode_GreenOnly.uasset" 194
"../../../Engine/Content/EngineDebugMaterials/VertexColorViewMode_RedOnly.uasset" 195
"../../../Engine/Content/EngineDebugMaterials/WireframeMaterial.uasset" 196
"../../../Engine/Content/EngineFonts/Faces/RobotoBold.uasset" 197
"../../../Engine/Content/EngineFonts/Faces/RobotoBoldItalic.uasset" 198
"../../../Engine/Content/EngineFonts/Faces/RobotoItalic.uasset" 199
"../../../Engine/Content/EngineFonts/Faces/RobotoLight.uasset" 200
"../../../Engine/Content/EngineFonts/Faces/RobotoRegular.uasset" 201
"../../../Engine/Content/EngineFonts/Roboto.uasset" 202
"../../../Engine/Content/EngineFonts/Faces/RobotoTiny.uasset" 203
"../../../Engine/Content/EngineFonts/RobotoTiny.uasset" 204
"../../../Engine/Content/EngineFonts/SmallFont.uasset" 205
"../../../Engine/Content/EngineFonts/TinyFont.uasset" 206
"../../../Engine/Content/EngineResources/WhiteSquareTexture.uasset" 207
"../../../Engine/Content/EngineMaterials/BlinkingCaret.uasset" 208
"../../../Engine/Content/EngineMaterials/DefaultBloomKernel.uasset" 209
"../../../Engine/Content/EngineMaterials/DefaultBokeh.uasset" 210
"../../../Engine/Content/EngineMaterials/DefaultDiffuse.uasset" 211
"../../../Engine/Content/EngineMaterials/DefaultDeferredDecalMaterial.uasset" 212
"../../../Engine/Content/EngineMaterials/DefaultLightFunctionMaterial.uasset" 213
"../../../Engine/Content/EngineMaterials/DefaultNormal.uasset" 214
"../../../Engine/Content/EngineMaterials/DefaultPostProcessMaterial.uasset" 215
"../../../Engine/Content/EngineFonts/RobotoDistanceField.uasset" 216
"../../../Engine/Content/EngineMaterials/DefaultTextMaterialOpaque.uasset" 217
"../../../Engine/Content/EngineMaterials/EditorBrushMaterial.uasset" 218
"../../../Engine/Content/EngineMaterials/Good64x64TilingNoiseHighFreq.uasset" 219
"../../../Engine/Content/EngineMaterials/Grid_N.uasset" 220
"../../../Engine/Content/EngineMaterials/HighResolutionScreenshotMaskFunction.uasset" 221
"../../../Engine/Content/EngineMaterials/HighResScreenshot.uasset" 222
"../../../Engine/Content/EngineMaterials/HighResScreenshotCaptureRegion.uasset" 223
"../../../Engine/Content/EngineMaterials/HighResScreenshotMask.uasset" 224
"../../../Engine/Content/EngineMaterials/LandscapeHolePhysicalMaterial.uasset" 225
"../../../Engine/Content/EngineMaterials/InvalidLightmapSettings.uasset" 226
"../../../Engine/Content/EngineMaterials/M_InvalidLightmapSettings.uasset" 227
"../../../Engine/Content/EngineMaterials/PaperDiffuse.uasset" 228
"../../../Engine/Content/EngineMaterials/PaperNormal.uasset" 229
"../../../Engine/Content/Functions/Engine_MaterialFunctions02/WorldPositionOffset/CameraOffset.uasset" 230
"../../../Engine/Content/EngineMaterials/PhAT_JointLimitMaterial.uasset" 231
"../../../Engine/Content/EngineMaterials/PhysMat_Rubber.uasset" 232
"../../../Engine/Content/EngineMaterials/PreintegratedSkinBRDF.uasset" 233
"../../../Engine/Content/EngineMaterials/RemoveSurfaceMaterial.uasset" 234
"../../../Engine/Content/EngineMaterials/WeightMapPlaceholderTexture.uasset" 235
"../../../Engine/Content/EngineMaterials/Widget3DPassThrough.uasset" 236
"../../../Engine/Content/EngineMaterials/Widget3DPassThrough_Masked.uasset" 237
"../../../Engine/Content/EngineMaterials/Widget3DPassThrough_Opaque.uasset" 238
"../../../Engine/Content/EngineMaterials/Widget3DPassThrough_Masked_OneSided.uasset" 239
"../../../Engine/Content/EngineMaterials/Widget3DPassThrough_Opaque_OneSided.uasset" 240
"../../../Engine/Content/EngineMaterials/Widget3DPassThrough_Translucent.uasset" 241
"../../../Engine/Content/EngineMaterials/Widget3DPassThrough_Translucent_OneSided.uasset" 242
"../../../Engine/Content/EngineMaterials/DefaultMaterial.uasset" 243
"../../../Engine/Content/EngineMeshes/Cube.uasset" 244
"../../../Engine/Content/EngineMeshes/Cylinder.uasset" 245
"../../../Engine/Content/EngineMeshes/Sphere.uasset" 246
"../../../Engine/Content/EngineResources/Black.uasset" 247
"../../../Engine/Content/EngineResources/DefaultTexture.uasset" 248
"../../../Engine/Content/EngineResources/DefaultTextureCube.uasset" 249
"../../../Engine/Content/EngineResources/GradientTexture0.uasset" 250
"../../../Engine/Content/EngineResources/StreamingPauseIcon.uasset" 251
"../../../Engine/Content/EngineResources/M_StreamingPause.uasset" 252
"../../../Engine/Content/EngineSounds/Master.uasset" 253
"../../../Engine/Content/Functions/Engine_MaterialFunctions01/Shading/PowerToRoughness.uasset" 254
"../../../Engine/Content/Maps/Templates/Thumbnails/Default.uasset" 255
"../../../Engine/Content/Maps/Templates/Thumbnails/VR-Basic.uasset" 256
"../../../Engine/Content/MobileResources/T_MobileControls_texture.uasset" 257
"../../../Engine/Content/MobileResources/T_MobileMenu2.uasset" 258
"../../../Engine/Content/MobileResources/HUD/AnalogHat.uasset" 259
"../../../Engine/Content/MobileResources/HUD/VirtualJoystick_Background.uasset" 260
"../../../Engine/Content/MobileResources/HUD/VirtualJoystick_Thumb.uasset" 261
"../../../Engine/Content/MobileResources/HUD/DefaultVirtualJoysticks.uasset" 262
"../../../Engine/Content/MobileResources/HUD/LeftVirtualJoystickOnly.uasset" 263
"../../../Engine/Content/MobileResources/HUD/MobileHUDButton1_off.uasset" 264
"../../../Engine/Content/MobileResources/HUD/MobileHUDButton1_on.uasset" 265
"../../../Engine/Content/MobileResources/HUD/MobileHUDButton2_off.uasset" 266
"../../../Engine/Content/MobileResources/HUD/MobileHUDButton2_on.uasset" 267
"../../../Engine/Content/MobileResources/HUD/MobileHUDButton3.uasset" 268
"../../../Engine/Content/MobileResources/HUD/MobileHUDButtonFire.uasset" 269
"../../../Engine/Content/MobileResources/HUD/MobileHUDDirectionPad.uasset" 270
"../../../Engine/Content/MobileResources/HUD/MobileHUDDirectionPad2.uasset" 271
"../../../Engine/Content/MobileResources/HUD/MobileHUDDirectionPad3.uasset" 272
"../../../Engine/Content/MobileResources/HUD/MobileHUDDirectionStick.uasset" 273
"../../../Engine/Content/MobileResources/HUD/T_Castle_ThumbstickInner.uasset" 274
"../../../Engine/Content/MobileResources/HUD/T_Castle_ThumbstickOutter.uasset" 275
"../../../Engine/Content/Tutorial/ContentIntroCurve.uasset" 276
"../../../Engine/Content/Tutorial/Basics/TutorialAssets/icon_tab_Levels_40x.uasset" 277
"../../../Engine/Content/Tutorial/BlueprintTutorials/TutorialAssets/Blueprint_64x.uasset" 278
"../../../Engine/Content/Tutorial/BlueprintTutorials/TutorialAssets/BlueprintInterface_64x.uasset" 279
"../../../Engine/Content/Tutorial/BlueprintTutorials/TutorialAssets/BlueprintMacroLibrary_64x.uasset" 280
"../../../Engine/Content/Tutorial/BlueprintTutorials/TutorialAssets/Tutorial_BP_Interface.uasset" 281
"../../../Engine/Content/Tutorial/Foliage/TutorialAssets/Foliage.uasset" 282
"../../../Engine/Content/Tutorial/Landscape/TutorialAssets/Landscape.uasset" 283
"../../../Engine/Content/Tutorial/Mobile/TutorialAssets/android_Icon.uasset" 284
"../../../Engine/Content/Tutorial/Mobile/TutorialAssets/IOS.uasset" 285
"../../../Engine/Content/Tutorial/Paper2D/TutorialAssets/Paper2DFlipbook_TutorialIcon.uasset" 286
"../../../Engine/Content/Tutorial/Paper2D/TutorialAssets/Paper2DSprite_TutorialIcon.uasset" 287
"../../../Engine/Content/Tutorial/SubEditors/TutorialAssets/icon_Editor_Preferences_General_40x.uasset" 288
"../../../Engine/Content/Tutorial/SubEditors/TutorialAssets/icon_ShowSkeletalMeshes_40x.uasset" 289
"../../../Engine/Content/Tutorial/SubEditors/TutorialAssets/TutorialMaterial.uasset" 290
"../../../Engine/Content/Tutorial/SubEditors/TutorialAssets/T_SmokeSubUV_8X8.uasset" 291
"../../../Engine/Content/Tutorial/SubEditors/TutorialAssets/T_soft_smoke.uasset" 292
"../../../Engine/Content/Tutorial/SubEditors/TutorialAssets/M_smoke_subUV_blackbody.uasset" 293
"../../../Engine/Content/Tutorial/SubEditors/TutorialAssets/TutorialParticleSystem.uasset" 294
"../../../Engine/Content/VREditor/Devices/Generic/GenericHMDMaterial.uasset" 295
"../../../Engine/Content/VREditor/Devices/Generic/GenericHMD.uasset" 296
"../../../Engine/Content/VREditor/FloatingText/LineMaterial.uasset" 297
"../../../Engine/Content/VREditor/FloatingText/JointSphere.uasset" 298
"../../../Engine/Content/VREditor/FloatingText/LineSegmentCylinder.uasset" 299
"../../../Engine/Content/VREditor/Fonts/VRText_RobotoLarge.uasset" 300
"../../../Engine/Content/VREditor/Fonts/VRTextMaterial.uasset" 301
"../../../Engine/Content/VREditor/Fonts/TranslucentVRTextMaterial.uasset" 302
"../../../Engine/Content/VREditor/LaserPointer/CursorPointer.uasset" 303
"../../../Engine/Content/VREditor/LaserPointer/VR_LaserPower_01.uasset" 304
"../../../Engine/Content/VREditor/TransformGizmo/TransformGizmoMaterial.uasset" 305
"../../../Engine/Content/VREditor/LaserPointer/HoverMaterial.uasset" 306
"../../../Engine/Content/VREditor/TransformGizmo/TranslucentTransformGizmoMaterial.uasset" 307
"../../../Engine/Content/VREditor/LaserPointer/TranslucentHoverMaterial.uasset" 308
"../../../Engine/Content/VREditor/LaserPointer/HoverMesh.uasset" 309
"../../../Engine/Content/VREditor/LaserPointer/LaserPointerMaterial.uasset" 310
"../../../Engine/Content/VREditor/LaserPointer/LaserPointerMaterialInst.uasset" 311
"../../../Engine/Content/VREditor/LaserPointer/TranslucentLaserPointerMaterialInst.uasset" 312
"../../../Engine/Content/VREditor/LaserPointer/LaserPointerMesh.uasset" 313
"../../../Engine/Content/VREditor/LaserPointer/LaserPointerMesh_End.uasset" 314
"../../../Engine/Content/VREditor/LaserPointer/LaserPointerMesh_Start.uasset" 315
"../../../Engine/Content/Functions/Engine_MaterialFunctions02/Utility/BreakOutFloat3Components.uasset" 316
"../../../Engine/Content/Functions/Engine_MaterialFunctions02/Math/Transform3x3Matrix.uasset" 317
"../../../Engine/Content/Functions/Engine_MaterialFunctions02/SplitComponents.uasset" 318
"../../../Engine/Content/VREditor/SnapGrid/SnapGridMaterial.uasset" 319
"../../../Engine/Content/VREditor/SnapGrid/SnapGridPlaneMesh.uasset" 320
"../../../Engine/Content/VREditor/Sounds/VR_teleport.uasset" 321
"../../../Engine/Content/VREditor/Sounds/UI/Click_on_Button_Cue.uasset" 322
"../../../Engine/Content/VREditor/Sounds/UI/Dockable_Window_Close.uasset" 323
"../../../Engine/Content/VREditor/Sounds/UI/Dockable_Window_Drop.uasset" 324
"../../../Engine/Content/VREditor/Sounds/UI/Dockable_Window_Open.uasset" 325
"../../../Engine/Content/VREditor/Sounds/UI/Dockable_Window_Pick_Up.uasset" 326
"../../../Engine/Content/VREditor/Sounds/UI/Drop_Item_From_ContentBrowser.uasset" 327
"../../../Engine/Content/VREditor/Sounds/UI/Floating_UI_Open-001.uasset" 328
"../../../Engine/Content/VREditor/Sounds/UI/Gizmo_Handle_Clicked.uasset" 329
"../../../Engine/Content/VREditor/Sounds/UI/Object_PickUp.uasset" 330
"../../../Engine/Content/VREditor/Sounds/UI/Object_Snaps_To_Another_Actor.uasset" 331
"../../../Engine/Content/VREditor/Sounds/UI/Object_Snaps_To_Grid.uasset" 332
"../../../Engine/Content/VREditor/Sounds/UI/Radial_Menu_FadeOut.uasset" 333
"../../../Engine/Content/VREditor/Sounds/UI/Scaling_Down.uasset" 334
"../../../Engine/Content/VREditor/Sounds/UI/Scaling_Up.uasset" 335
"../../../Engine/Content/VREditor/Sounds/UI/Selection_Changes.uasset" 336
"../../../Engine/Content/VREditor/Sounds/UI/Teleport_Mode_Entered.uasset" 337
"../../../Engine/Content/VREditor/Teleport/TeleportDirectionMaterial.uasset" 338
"../../../Engine/Content/VREditor/Teleport/TeleportDirectionMaterial_Inst.uasset" 339
"../../../Engine/Content/VREditor/Teleport/TeleportDirectionMesh.uasset" 340
"../../../Engine/Content/VREditor/TransformGizmo/BoundingBoxCorner.uasset" 341
"../../../Engine/Content/VREditor/TransformGizmo/BoundingBoxEdge.uasset" 342
"../../../Engine/Content/VREditor/TransformGizmo/PlaneTranslationHandle.uasset" 343
"../../../Engine/Content/VREditor/TransformGizmo/RotationHandleFull.uasset" 344
"../../../Engine/Content/VREditor/TransformGizmo/RotationHandleIndicator.uasset" 345
"../../../Engine/Content/VREditor/TransformGizmo/RotationHandleQuarter.uasset" 346
"../../../Engine/Content/VREditor/TransformGizmo/Main.uasset" 347
"../../../Engine/Content/VREditor/TransformGizmo/Xray.uasset" 348
"../../../Engine/Content/VREditor/TransformGizmo/SM_Dialog_Close.uasset" 349
"../../../Engine/Content/VREditor/TransformGizmo/SM_Dialog_Move.uasset" 350
"../../../Engine/Content/VREditor/TransformGizmo/SM_Sequencer_Key.uasset" 351
"../../../Engine/Content/VREditor/TransformGizmo/SM_Sequencer_Node.uasset" 352
"../../../Engine/Content/VREditor/TransformGizmo/StartRotationHandleIndicator.uasset" 353
"../../../Engine/Content/VREditor/TransformGizmo/TranslucentTransformGizmoMaterial_Inst.uasset" 354
"../../../Engine/Content/VREditor/TransformGizmo/TransformGizmoFreeRotation.uasset" 355
"../../../Engine/Content/VREditor/TransformGizmo/TransformGizmoMaterial_Inst.uasset" 356
"../../../Engine/Content/VREditor/TransformGizmo/TranslateArrowHandle.uasset" 357
"../../../Engine/Content/VREditor/TransformGizmo/UniformScaleHandle.uasset" 358
"../../../Engine/Content/VREditor/UI/KeyDiskMaterial.uasset" 359
"../../../Engine/Content/VREditor/UI/DiscMaterial.uasset" 360
"../../../Engine/Content/VREditor/UI/SM_Radial_Disk.uasset" 361
"../../../Engine/Content/Functions/Engine_MaterialFunctions01/Gradient/RadialGradient.uasset" 362
"../../../Engine/Content/VREditor/WorldMovementGrid/SimpleGrid.uasset" 363
"../../../Engine/Content/VREditor/WorldMovementGrid/GridMaterial.uasset" 364
"../../../Engine/Content/Functions/Engine_MaterialFunctions01/Density/ExponentialDensity.uasset" 365
"../../../Engine/Content/VREditor/WorldMovementGrid/GridPostProcess.uasset" 366
"../../../Engine/Content/EditorLandscapeResources/FlattenHeightMat.uasset" 367
"../../../Engine/Content/VREditor/WorldMovementGrid/PlaneMesh.uasset" 368
"../../../WateringCan/Content/MobileStarterContent/Textures/T_Burst_M.uasset" 369
"../../../WateringCan/Content/MobileStarterContent/Textures/T_Tech_Dot_M.uasset" 370
"../../../WateringCan/Content/NewTouchInterface.uasset" 371
"../../../Engine/Plugins/2D/Paper2D/Content/PlaceholderTextures/DummySpriteTexture.uasset" 372
"../../../Engine/Plugins/2D/Paper2D/Content/DummySprite.uasset" 373
"../../../Engine/Plugins/2D/Paper2D/Content/DefaultPaperTerrainMaterial.uasset" 374
"../../../Engine/Plugins/2D/Paper2D/Content/DefaultSpriteMaterial.uasset" 375
"../../../Engine/Plugins/2D/Paper2D/Content/MaskedUnlitSpriteMaterial.uasset" 376
"../../../Engine/Plugins/2D/Paper2D/Content/OpaqueUnlitSpriteMaterial.uasset" 377
"../../../Engine/Plugins/Media/MediaCompositing/Content/DefaultMediaPlaneMaterial.uasset" 378
"../../../Engine/Content/Functions/Engine_MaterialFunctions02/Utility/MakeFloat4.uasset" 379
"../../../Engine/Plugins/Runtime/AppleARKit/Content/ARKitCameraMaterial.uasset" 380
"../../../Engine/Content/Maps/Entry.umap" 381
"../../../WateringCan/Content/Blueprints/Fluum/FluumState.uasset" 382
"../../../WateringCan/Content/Blueprints/Fluum/FluumData.uasset" 383
"../../../WateringCan/Content/Blueprints/Fluum/BTD_FluumUpdateRoute.uasset" 384
"../../../Engine/Content/EditorBlueprintResources/StandardMacros.uasset" 385
"../../../WateringCan/Content/Blueprints/Fluum/FluumAI.uasset" 386
"../../../WateringCan/Content/AnimationAssets/Fluum/Fluum_Skeleton.uasset" 387
"../../../WateringCan/Content/AnimationAssets/Fluum/Fluum_Anim_Armature_Shoot.uasset" 388
"../../../WateringCan/Content/AnimationAssets/Fluum/Fluum_Anim_Armature_Idle.uasset" 389
"../../../WateringCan/Content/AnimationAssets/Fluum/Fluum_Anim_Armature_Run.uasset" 390
"../../../WateringCan/Content/AnimationAssets/Fluum/FluumBlend.uasset" 391
"../../../WateringCan/Content/AnimationAssets/Fluum/FluumAnimBP.uasset" 392
"../../../WateringCan/Content/AnimationAssets/UE4_Mannequin/Mesh/UE4_Mannequin_Skeleton.uasset" 393
"../../../WateringCan/Content/AnimationAssets/Death_1.uasset" 394
"../../../WateringCan/Content/AnimationAssets/Death_2.uasset" 395
"../../../WateringCan/Content/AnimationAssets/Death_3.uasset" 396
"../../../WateringCan/Content/AnimationAssets/Idle_Rifle_Hip.uasset" 397
"../../../WateringCan/Content/AnimationAssets/Jog_Bwd_Rifle.uasset" 398
"../../../WateringCan/Content/AnimationAssets/Jog_Fwd_Rifle.uasset" 399
"../../../WateringCan/Content/AnimationAssets/Jog_Lt_Rifle.uasset" 400
"../../../WateringCan/Content/AnimationAssets/Jog_Rt_Rifle.uasset" 401
"../../../WateringCan/Content/AnimationAssets/WateringCanner/HeroBlend.uasset" 402
"../../../WateringCan/Content/AnimationAssets/WateringCanner/CharactorAnimBP.uasset" 403
"../../../WateringCan/Content/AnimationAssets/Enemy_Idle.uasset" 404
"../../../WateringCan/Content/AnimationAssets/Enemy_Walk.uasset" 405
"../../../WateringCan/Content/AnimationAssets/EnemyBlend.uasset" 406
"../../../WateringCan/Content/AnimationAssets/EnemyAnimBP.uasset" 407
"../../../WateringCan/Content/MobileStarterContent/Textures/T_Bush_D.uasset" 408
"../../../WateringCan/Content/MobileStarterContent/Textures/T_Bush_N.uasset" 409
"../../../WateringCan/Content/MobileStarterContent/Props/Materials/M_Bush.uasset" 410
"../../../WateringCan/Content/MobileStarterContent/Props/SM_Bush.uasset" 411
"../../../WateringCan/Content/Blueprints/Corpse.uasset" 412
"../../../WateringCan/Content/Blueprints/EnemyAI.uasset" 413
"../../../Engine/Content/EngineMeshes/Humanoid.uasset" 414
"../../../WateringCan/Content/AnimationAssets/WateringCanner/wateringcanner_Skeleton.uasset" 415
"../../../WateringCan/Content/AnimationAssets/WateringCanner/Death_1.uasset" 416
"../../../WateringCan/Content/AnimationAssets/WateringCanner/Death_2.uasset" 417
"../../../WateringCan/Content/AnimationAssets/WateringCanner/Death_3.uasset" 418
"../../../WateringCan/Content/AnimationAssets/WateringCanner/Idle_Rifle_Hip.uasset" 419
"../../../WateringCan/Content/AnimationAssets/WateringCanner/Jog_Bwd_Rifle.uasset" 420
"../../../WateringCan/Content/AnimationAssets/WateringCanner/Jog_Fwd_Rifle.uasset" 421
"../../../WateringCan/Content/AnimationAssets/WateringCanner/Jog_Lt_Rifle.uasset" 422
"../../../WateringCan/Content/AnimationAssets/WateringCanner/Jog_Rt_Rifle.uasset" 423
"../../../WateringCan/Content/AnimationAssets/WateringCanner/CannerBlend.uasset" 424
"../../../WateringCan/Content/AnimationAssets/WateringCanner/CannerAnimBP.uasset" 425
"../../../WateringCan/Content/MobileStarterContent/Particles/Materials/M_Burst.uasset" 426
"../../../WateringCan/Content/MobileStarterContent/Textures/T_Explosion_SubUV.uasset" 427
"../../../WateringCan/Content/MobileStarterContent/Particles/Materials/M_explosion_subUV.uasset" 428
"../../../WateringCan/Content/MobileStarterContent/Particles/Materials/m_flare_01.uasset" 429
"../../../WateringCan/Content/MobileStarterContent/Particles/Materials/M_radial_ramp.uasset" 430
"../../../WateringCan/Content/MobileStarterContent/Textures/T_Smoke_SubUV.uasset" 431
"../../../WateringCan/Content/MobileStarterContent/Textures/T_Smoke_Tiled_D.uasset" 432
"../../../WateringCan/Content/MobileStarterContent/Particles/Materials/M_smoke_subUV.uasset" 433
"../../../WateringCan/Content/Assets/Textures/T_Water_01_N.uasset" 434
"../../../WateringCan/Content/Assets/Textures/T_Water_Ripple_Directional_Noise.uasset" 435
"../../../WateringCan/Content/Assets/Materials/WaterMaterial.uasset" 436
"../../../WateringCan/Content/Assets/Materials/ProjectileWaterMaterial.uasset" 437
"../../../WateringCan/Content/MobileStarterContent/Materials/M_Basic_Wall.uasset" 438
"../../../WateringCan/Content/MobileStarterContent/Shapes/Shape_Sphere.uasset" 439
"../../../WateringCan/Content/Assets/Particles/WaterExplosion.uasset" 440
"../../../WateringCan/Content/MobileStarterContent/Audio/Explosion01.uasset" 441
"../../../WateringCan/Content/MobileStarterContent/Audio/Explosion02.uasset" 442
"../../../WateringCan/Content/MobileStarterContent/Audio/Explosion_Cue.uasset" 443
"../../../WateringCan/Content/Blueprints/EffectGrenadeExplosion.uasset" 444
"../../../WateringCan/Content/Blueprints/iDamageable.uasset" 445
"../../../WateringCan/Content/Blueprints/GrenadeExplosion.uasset" 446
"../../../WateringCan/Content/MobileStarterContent/Textures/T_Chair_M.uasset" 447
"../../../WateringCan/Content/MobileStarterContent/Textures/T_Chair_N.uasset" 448
"../../../WateringCan/Content/MobileStarterContent/Props/Materials/M_Chair.uasset" 449
"../../../WateringCan/Content/MobileStarterContent/Props/SM_Chair.uasset" 450
"../../../WateringCan/Content/Blueprints/GrenadeProjectile.uasset" 451
"../../../WateringCan/Content/Blueprints/HeroController.uasset" 452
"../../../WateringCan/Content/Blueprints/TwinStickMode.uasset" 453
"../../../Engine/Content/VREditor/BasicMeshes/T_CleanFloorGrunge_01_D.uasset" 454
"../../../Engine/Content/VREditor/BasicMeshes/M_Floor_01.uasset" 455
"../../../Engine/Content/VREditor/BasicMeshes/MI_Cube_01.uasset" 456
"../../../Engine/Content/VREditor/BasicMeshes/SM_Cube_01.uasset" 457
"../../../WateringCan/Content/Blueprints/Sponge.uasset" 458
"../../../Engine/Content/BasicShapes/Sphere.uasset" 459
"../../../WateringCan/Content/Assets/Particles/WaterSplash.uasset" 460
"../../../WateringCan/Content/Blueprints/Projectile.uasset" 461
"../../../Engine/Content/Functions/Engine_MaterialFunctions01/Shading/MetallicShading.uasset" 462
"../../../Engine/Content/Functions/Engine_MaterialFunctions02/Utility/BlendAngleCorrectedNormals.uasset" 463
"../../../Engine/Content/Functions/MaterialLayerFunctions/MatLayerBlend_AO.uasset" 464
"../../../Engine/Content/Functions/MaterialLayerFunctions/MatLayerBlend_NormalBlend.uasset" 465
"../../../Engine/Content/Functions/MaterialLayerFunctions/MatLayerBlend_Simple.uasset" 466
"../../../WateringCan/Content/FPWeapon/Materials/MF_BaseColorTintAndContrast.uasset" 467
"../../../WateringCan/Content/FPWeapon/Materials/MF_RoughnessAdjustment.uasset" 468
"../../../WateringCan/Content/FPWeapon/Materials/MaterialLayers/T_ML_FineRubber.uasset" 469
"../../../WateringCan/Content/FPWeapon/Materials/MaterialLayers/T_ML_Rubber_Blue_01_D.uasset" 470
"../../../WateringCan/Content/FPWeapon/Materials/MaterialLayers/T_ML_Rubber_Blue_01_N.uasset" 471
"../../../WateringCan/Content/FPWeapon/Textures/UE4_Mannequin_occlusion_Mobile.uasset" 472
"../../../WateringCan/Content/FPWeapon/Materials/MaterialLayers/ML_GlossyBlack_Latex_UE4.uasset" 473
"../../../WateringCan/Content/FPWeapon/Materials/MaterialLayers/ML_Plastic_Shiny_Beige.uasset" 474
"../../../WateringCan/Content/FPWeapon/Textures/UE4_LOGO_CARD.uasset" 475
"../../../WateringCan/Content/FPWeapon/Materials/MaterialLayers/ML_Plastic_Shiny_Beige_LOGO.uasset" 476
"../../../WateringCan/Content/FPWeapon/Materials/MaterialLayers/T_ML_Aluminum01.uasset" 477
"../../../WateringCan/Content/FPWeapon/Materials/MaterialLayers/T_ML_Aluminum01_N.uasset" 478
"../../../WateringCan/Content/FPWeapon/Materials/MaterialLayers/ML_SoftMetal_UE4.uasset" 479
"../../../WateringCan/Content/FPWeapon/Textures/T_FPGun_AO.uasset" 480
"../../../WateringCan/Content/FPWeapon/Textures/T_FPGun_M.uasset" 481
"../../../WateringCan/Content/FPWeapon/Textures/T_FPGun_N.uasset" 482
"../../../WateringCan/Content/FPWeapon/Materials/M_FPGun.uasset" 483
"../../../WateringCan/Content/FPWeapon/Materials/MI_FPGun.uasset" 484
"../../../WateringCan/Content/FPWeapon/Mesh/SK_FPGun_PhysicsAsset.uasset" 485
"../../../WateringCan/Content/FPWeapon/Mesh/SK_FPGun_Skeleton.uasset" 486
"../../../WateringCan/Content/FPWeapon/Mesh/SK_FPGun.uasset" 487
"../../../WateringCan/Content/Blueprints/Weapon.uasset" 488
"../../../WateringCan/Content/AnimationAssets/Fluum/Materials/Material_004.uasset" 489
"../../../WateringCan/Content/AnimationAssets/WateringCanner/wateringcanner_PhysicsAsset.uasset" 490
"../../../WateringCan/Content/AnimationAssets/WateringCanner/wateringcanner.uasset" 491
"../../../WateringCan/Content/Blueprints/TwinStickHUD.uasset" 492
"../../../WateringCan/Content/Blueprints/HeroCharacter.uasset" 493
"../../../WateringCan/Content/AnimationAssets/UE4_Mannequin/Materials/MaterialLayers/T_ML_Rubber_Blue_01_D.uasset" 494
"../../../WateringCan/Content/AnimationAssets/UE4_Mannequin/Materials/MaterialLayers/T_ML_Rubber_Blue_01_N.uasset" 495
"../../../WateringCan/Content/AnimationAssets/UE4_Mannequin/Materials/MaterialLayers/ML_GlossyBlack_Latex_UE4.uasset" 496
"../../../WateringCan/Content/AnimationAssets/UE4_Mannequin/Materials/MaterialLayers/ML_Plastic_Shiny_Beige.uasset" 497
"../../../WateringCan/Content/AnimationAssets/UE4_Mannequin/Textures/UE4_LOGO_CARD.uasset" 498
"../../../WateringCan/Content/AnimationAssets/UE4_Mannequin/Materials/MaterialLayers/ML_Plastic_Shiny_Beige_LOGO.uasset" 499
"../../../WateringCan/Content/AnimationAssets/UE4_Mannequin/Materials/MaterialLayers/T_ML_Aluminum01.uasset" 500
"../../../WateringCan/Content/AnimationAssets/UE4_Mannequin/Materials/MaterialLayers/T_ML_Aluminum01_N.uasset" 501
"../../../WateringCan/Content/AnimationAssets/UE4_Mannequin/Materials/MaterialLayers/ML_SoftMetal_UE4.uasset" 502
"../../../WateringCan/Content/AnimationAssets/UE4_Mannequin/Textures/UE4_Mannequin__normals.uasset" 503
"../../../WateringCan/Content/AnimationAssets/UE4_Mannequin/Textures/UE4_Mannequin_MAT_MASKA.uasset" 504
"../../../WateringCan/Content/AnimationAssets/UE4_Mannequin/Textures/UE4_Mannequin_occlusion_Mobile.uasset" 505
"../../../WateringCan/Content/AnimationAssets/UE4_Mannequin/Materials/M_UE4Man_Body.uasset" 506
"../../../WateringCan/Content/AnimationAssets/UE4_Mannequin/Textures/UE4Man_Logo_N.uasset" 507
"../../../WateringCan/Content/AnimationAssets/UE4_Mannequin/Materials/M_UE4Man_ChestLogo.uasset" 508
"../../../WateringCan/Content/AnimationAssets/UE4_Mannequin/Mesh/SK_Mannequin_PhysicsAsset.uasset" 509
"../../../WateringCan/Content/AnimationAssets/UE4_Mannequin/Mesh/SK_Mannequin.uasset" 510
"../../../WateringCan/Content/Blueprints/EnemyCharacter.uasset" 511
"../../../WateringCan/Content/Assets/Materials/FluumProjectileWaterMaterial.uasset" 512
"../../../WateringCan/Content/Assets/Particles/FluumWaterSplash.uasset" 513
"../../../WateringCan/Content/Blueprints/Fluum/FluumProjectile.uasset" 514
"../../../WateringCan/Content/AnimationAssets/Fluum/Materials/Material_001.uasset" 515
"../../../WateringCan/Content/AnimationAssets/Fluum/Materials/Material_002.uasset" 516
"../../../WateringCan/Content/AnimationAssets/Fluum/Materials/Material_003.uasset" 517
"../../../WateringCan/Content/AnimationAssets/Fluum/Fluum_PhysicsAsset.uasset" 518
"../../../WateringCan/Content/AnimationAssets/Fluum/Fluum.uasset" 519
"../../../WateringCan/Content/Blueprints/Fluum/FluumCharacter.uasset" 520
"../../../WateringCan/Content/Blueprints/Fluum/BTS_FluumDetectEnemy.uasset" 521
"../../../WateringCan/Content/Blueprints/Fluum/BTT_FluumAttackEnemy.uasset" 522
"../../../WateringCan/Content/Blueprints/Fluum/BTT_FluumMoveToEnemy.uasset" 523
"../../../WateringCan/Content/Blueprints/Fluum/FluumWaypoint.uasset" 524
"../../../WateringCan/Content/Blueprints/Fluum/BTT_FluumNextRoute.uasset" 525
"../../../WateringCan/Content/Blueprints/Fluum/BTT_FluumWalkSpeed.uasset" 526
"../../../WateringCan/Content/Blueprints/Fluum/FluumAITree.uasset" 527
"../../../WateringCan/Content/Blueprints/EnemySpawner.uasset" 528
"../../../WateringCan/Content/TestMap_BuiltData.uasset" 529
"../../../WateringCan/Content/MobileStarterContent/Textures/T_Concrete_Tiles_D.uasset" 530
"../../../WateringCan/Content/MobileStarterContent/Textures/T_Concrete_Tiles_M.uasset" 531
"../../../WateringCan/Content/MobileStarterContent/Textures/T_Concrete_Tiles_N.uasset" 532
"../../../WateringCan/Content/MobileStarterContent/Materials/M_Concrete_Tiles.uasset" 533
"../../../WateringCan/Content/MobileStarterContent/Textures/T_Wood_Floor_Walnut_D.uasset" 534
"../../../WateringCan/Content/MobileStarterContent/Textures/T_Wood_Floor_Walnut_M.uasset" 535
"../../../WateringCan/Content/MobileStarterContent/Textures/T_Wood_Floor_Walnut_N.uasset" 536
"../../../WateringCan/Content/MobileStarterContent/Materials/M_Wood_Floor_Walnut_Polished.uasset" 537
"../../../Engine/Content/MapTemplates/Sky/DaylightAmbientCubemap.uasset" 538
"../../../WateringCan/Content/LevelMeshes/Box_Brush_StaticMesh.uasset" 539
"../../../WateringCan/Content/TestMap.umap" 540
"../../../WateringCan/Content/MobileStarterContent/Textures/T_Wood_Pine_D.uasset" 541
"../../../WateringCan/Content/MobileStarterContent/Textures/T_Wood_Pine_N.uasset" 542
"../../../WateringCan/Content/MobileStarterContent/Materials/M_Wood_Pine.uasset" 543
"../../../WateringCan/Content/Assets/Materials/WaterMaterial_Inst.uasset" 544
"../../../Engine/Content/BasicShapes/Cylinder.uasset" 545
"../../../WateringCan/Content/BucketStaticMesh.uasset" 546
"../../../WateringCan/Content/Blueprints/Bucket.uasset" 547
"../../../WateringCan/Content/MobileStarterContent/Textures/T_Rock_Sandstone_D.uasset" 548
"../../../WateringCan/Content/MobileStarterContent/Textures/T_Rock_Sandstone_N.uasset" 549
"../../../WateringCan/Content/MobileStarterContent/Materials/M_Rock_Sandstone.uasset" 550
"../../../WateringCan/Content/LevelMeshes/Seesaw.uasset" 551
"../../../WateringCan/Content/Blueprints/Seesaw.uasset" 552
"../../../WateringCan/Content/Levels/Level1_BuiltData.uasset" 553
"../../../WateringCan/Content/MobileStarterContent/Textures/T_Ground_Grass_D.uasset" 554
"../../../WateringCan/Content/MobileStarterContent/Textures/T_Ground_Grass_N.uasset" 555
"../../../WateringCan/Content/MobileStarterContent/Materials/M_Ground_Grass.uasset" 556
"../../../WateringCan/Content/Assets/Materials/M_Ground_Grass_Inst.uasset" 557
"../../../WateringCan/Content/MobileStarterContent/Textures/T_Ground_Gravel_D.uasset" 558
"../../../WateringCan/Content/MobileStarterContent/Textures/T_Ground_Gravel_N.uasset" 559
"../../../WateringCan/Content/MobileStarterContent/Materials/M_Ground_Gravel.uasset" 560
"../../../WateringCan/Content/Assets/Materials/M_Ground_Gravel_Inst.uasset" 561
"../../../WateringCan/Content/Assets/Materials/RiverWaterMaterial.uasset" 562
"../../../Engine/Content/BasicShapes/Cone.uasset" 563
"../../../WateringCan/Content/LevelMeshes/BankedCurveStaticMesh.uasset" 564
"../../../WateringCan/Content/LevelMeshes/uetest233_Plane.uasset" 565
"../../../WateringCan/Content/LevelMeshes/uetest233_Plane_001.uasset" 566
"../../../WateringCan/Content/LevelMeshes/uetest233_Plane_002.uasset" 567
"../../../WateringCan/Content/MobileStarterContent/Props/Materials/M_MaterialSphere.uasset" 568
"../../../WateringCan/Content/MobileStarterContent/Props/Materials/M_MaterialSphere_Plain.uasset" 569
"../../../WateringCan/Content/MobileStarterContent/Props/SM_MatPreviewMesh_02.uasset" 570
"../../../WateringCan/Content/Levels/Level1.umap" 571
